<?xml version="1.0" encoding="UTF-8"?>
<testsuite name="com.shoppersDenApp.models.ProductTest" tests="2" skipped="0" failures="0" errors="0" timestamp="2021-02-21T16:28:40" hostname="R-Shivas-MacBook-Pro.local" time="0.066">
  <properties/>
  <testcase name="List of products must not be empty" classname="com.shoppersDenApp.models.ProductTest" time="0.049"/>
  <testcase name="Products cannot be null" classname="com.shoppersDenApp.models.ProductTest" time="0.008"/>
  <system-out><![CDATA[Connection Established Successfully
Connection Established Successfully
]]></system-out>
  <system-err><![CDATA[]]></system-err>
</testsuite>
